TN:
SF:src/index.ts
FN:94,(anonymous_1)
FN:99,(anonymous_2)
FN:114,(anonymous_3)
FNF:3
FNH:0
FNDA:0,(anonymous_1)
FNDA:0,(anonymous_2)
FNDA:0,(anonymous_3)
DA:1,0
DA:2,0
DA:3,0
DA:4,0
DA:5,0
DA:6,0
DA:7,0
DA:8,0
DA:10,0
DA:12,0
DA:13,0
DA:16,0
DA:19,0
DA:38,0
DA:44,0
DA:45,0
DA:48,0
DA:51,0
DA:52,0
DA:58,0
DA:59,0
DA:60,0
DA:61,0
DA:62,0
DA:63,0
DA:65,0
DA:66,0
DA:67,0
DA:68,0
DA:69,0
DA:70,0
DA:94,0
DA:95,0
DA:99,0
DA:100,0
DA:108,0
DA:114,0
DA:115,0
LF:38
LH:0
BRDA:13,0,0,0
BRDA:13,0,1,0
BRDA:26,1,0,0
BRDA:26,1,1,0
BRDA:39,2,0,0
BRDA:39,2,1,0
BRDA:101,3,0,0
BRDA:101,3,1,0
BRDA:110,4,0,0
BRDA:110,4,1,0
BRDA:117,5,0,0
BRDA:117,5,1,0
BRF:12
BRH:0
end_of_record
TN:
SF:src/config/swagger.ts
FNF:0
FNH:0
DA:1,0
DA:2,0
DA:4,0
DA:254,0
DA:256,0
DA:261,0
LF:6
LH:0
BRDA:16,0,0,0
BRDA:16,0,1,0
BRF:2
BRH:0
end_of_record
TN:
SF:src/controllers/authController.ts
FN:10,(anonymous_1)
FN:19,(anonymous_2)
FN:168,(anonymous_3)
FN:200,(anonymous_4)
FNF:4
FNH:4
FNDA:7,(anonymous_1)
FNDA:6,(anonymous_2)
FNDA:5,(anonymous_3)
FNDA:5,(anonymous_4)
DA:2,1
DA:5,1
DA:6,1
DA:7,1
DA:10,1
DA:11,7
DA:13,7
DA:15,7
DA:19,7
DA:21,6
DA:23,6
DA:24,1
DA:29,1
DA:32,5
DA:34,5
DA:35,1
DA:40,1
DA:43,4
DA:44,1
DA:49,1
DA:54,3
DA:55,3
DA:60,3
DA:64,3
DA:69,3
DA:70,3
DA:78,2
DA:82,1
DA:88,1
DA:93,1
DA:97,1
DA:100,1
DA:109,1
DA:112,1
DA:114,1
DA:125,5
DA:133,5
DA:134,1
DA:140,4
DA:141,1
DA:147,3
DA:148,1
DA:154,2
DA:155,0
DA:161,2
DA:168,1
DA:169,5
DA:170,5
DA:172,5
DA:173,3
DA:174,3
DA:175,3
DA:177,3
DA:186,2
DA:188,0
DA:193,0
DA:200,1
DA:201,5
DA:202,5
DA:203,1
DA:210,4
DA:211,4
DA:213,4
DA:214,1
DA:217,3
DA:219,2
DA:220,1
DA:226,1
DA:227,1
DA:233,1
DA:235,1
DA:237,1
DA:243,1
LF:73
LH:70
BRDA:23,0,0,1
BRDA:23,0,1,5
BRDA:34,1,0,1
BRDA:34,1,1,4
BRDA:43,2,0,1
BRDA:43,2,1,3
BRDA:78,3,0,1
BRDA:78,3,1,1
BRDA:133,4,0,1
BRDA:133,4,1,4
BRDA:140,5,0,1
BRDA:140,5,1,3
BRDA:147,6,0,1
BRDA:147,6,1,2
BRDA:154,7,0,0
BRDA:154,7,1,2
BRDA:172,8,0,3
BRDA:172,8,1,2
BRDA:172,9,0,5
BRDA:172,9,1,3
BRDA:174,10,0,2
BRDA:174,10,1,1
BRDA:175,11,0,2
BRDA:175,11,1,1
BRDA:202,12,0,1
BRDA:202,12,1,4
BRDA:213,13,0,1
BRDA:213,13,1,3
BRDA:219,14,0,1
BRDA:219,14,1,1
BRF:30
BRH:29
end_of_record
TN:
SF:src/controllers/bookingsController.ts
FN:7,(anonymous_0)
FN:36,(anonymous_1)
FN:100,(anonymous_2)
FNF:3
FNH:0
FNDA:0,(anonymous_0)
FNDA:0,(anonymous_1)
FNDA:0,(anonymous_2)
DA:3,0
DA:4,0
DA:5,0
DA:7,0
DA:8,0
DA:9,0
DA:11,0
DA:12,0
DA:18,0
DA:19,0
DA:21,0
DA:28,0
DA:29,0
DA:32,0
DA:36,0
DA:37,0
DA:39,0
DA:42,0
DA:49,0
DA:51,0
DA:57,0
DA:65,0
DA:66,0
DA:72,0
DA:73,0
DA:79,0
DA:80,0
DA:86,0
DA:87,0
DA:93,0
DA:100,0
DA:101,0
DA:102,0
DA:103,0
DA:109,0
DA:111,0
DA:117,0
DA:119,0
DA:126,0
LF:39
LH:0
BRDA:11,0,0,0
BRDA:11,0,1,0
BRDA:28,1,0,0
BRDA:28,1,1,0
BRDA:46,2,0,0
BRDA:46,2,1,0
BRDA:65,3,0,0
BRDA:65,3,1,0
BRDA:72,4,0,0
BRDA:72,4,1,0
BRDA:79,5,0,0
BRDA:79,5,1,0
BRDA:86,6,0,0
BRDA:86,6,1,0
BRDA:102,7,0,0
BRDA:102,7,1,0
BRF:16
BRH:0
end_of_record
TN:
SF:src/controllers/googleCalendarController.ts
FN:7,(anonymous_0)
FN:30,(anonymous_1)
FN:75,(anonymous_2)
FNF:3
FNH:0
FNDA:0,(anonymous_0)
FNDA:0,(anonymous_1)
FNDA:0,(anonymous_2)
DA:3,0
DA:4,0
DA:5,0
DA:7,0
DA:8,0
DA:9,0
DA:10,0
DA:13,0
DA:15,0
DA:17,0
DA:23,0
DA:30,0
DA:31,0
DA:32,0
DA:34,0
DA:35,0
DA:38,0
DA:41,0
DA:43,0
DA:44,0
DA:48,0
DA:51,0
DA:60,0
DA:61,0
DA:63,0
DA:70,0
DA:71,0
DA:75,0
DA:76,0
DA:77,0
DA:78,0
DA:81,0
DA:88,0
DA:90,0
DA:96,0
LF:35
LH:0
BRDA:9,0,0,0
BRDA:9,0,1,0
BRDA:34,1,0,0
BRDA:34,1,1,0
BRDA:34,2,0,0
BRDA:34,2,1,0
BRDA:43,3,0,0
BRDA:43,3,1,0
BRDA:43,4,0,0
BRDA:43,4,1,0
BRDA:60,5,0,0
BRDA:60,5,1,0
BRDA:70,6,0,0
BRDA:70,6,1,0
BRDA:77,7,0,0
BRDA:77,7,1,0
BRF:16
BRH:0
end_of_record
TN:
SF:src/controllers/licensesController.ts
FN:7,(anonymous_0)
FNF:1
FNH:0
FNDA:0,(anonymous_0)
DA:2,0
DA:4,0
DA:5,0
DA:7,0
DA:8,0
DA:10,0
DA:13,0
DA:14,0
DA:22,0
DA:24,0
DA:33,0
DA:34,0
DA:44,0
DA:45,0
DA:51,0
DA:58,0
DA:59,0
DA:65,0
DA:67,0
DA:68,0
DA:74,0
DA:80,0
DA:81,0
DA:87,0
DA:88,0
DA:94,0
DA:100,0
DA:101,0
DA:108,0
DA:121,0
DA:123,0
DA:134,0
DA:139,0
LF:33
LH:0
BRDA:22,0,0,0
BRDA:22,0,1,0
BRDA:44,1,0,0
BRDA:44,1,1,0
BRDA:67,2,0,0
BRDA:67,2,1,0
BRDA:87,3,0,0
BRDA:87,3,1,0
BRF:8
BRH:0
end_of_record
TN:
SF:src/controllers/slotsController.ts
FN:10,(anonymous_0)
FN:98,(anonymous_1)
FN:123,(anonymous_2)
FNF:3
FNH:0
FNDA:0,(anonymous_0)
FNDA:0,(anonymous_1)
FNDA:0,(anonymous_2)
DA:3,0
DA:5,0
DA:6,0
DA:7,0
DA:8,0
DA:10,0
DA:11,0
DA:12,0
DA:13,0
DA:17,0
DA:21,0
DA:22,0
DA:23,0
DA:24,0
DA:26,0
DA:27,0
DA:28,0
DA:29,0
DA:30,0
DA:32,0
DA:33,0
DA:41,0
DA:42,0
DA:43,0
DA:46,0
DA:48,0
DA:57,0
DA:61,0
DA:62,0
DA:63,0
DA:64,0
DA:65,0
DA:66,0
DA:71,0
DA:74,0
DA:76,0
DA:84,0
DA:85,0
DA:91,0
DA:98,0
DA:99,0
DA:100,0
DA:101,0
DA:107,0
DA:108,0
DA:110,0
DA:116,0
DA:123,0
DA:124,0
DA:125,0
DA:126,0
DA:132,0
DA:133,0
DA:136,0
DA:137,0
DA:138,0
DA:139,0
DA:140,0
DA:141,0
DA:146,0
DA:149,0
DA:151,0
DA:159,0
DA:160,0
DA:166,0
DA:167,0
DA:173,0
LF:67
LH:0
BRDA:12,0,0,0
BRDA:12,0,1,0
BRDA:17,1,0,0
BRDA:26,2,0,0
BRDA:26,2,1,0
BRDA:32,3,0,0
BRDA:32,3,1,0
BRDA:46,4,0,0
BRDA:46,4,1,0
BRDA:63,5,0,0
BRDA:63,5,1,0
BRDA:65,6,0,0
BRDA:65,6,1,0
BRDA:84,7,0,0
BRDA:84,7,1,0
BRDA:84,8,0,0
BRDA:84,8,1,0
BRDA:100,9,0,0
BRDA:100,9,1,0
BRDA:125,10,0,0
BRDA:125,10,1,0
BRDA:138,11,0,0
BRDA:138,11,1,0
BRDA:140,12,0,0
BRDA:140,12,1,0
BRDA:159,13,0,0
BRDA:159,13,1,0
BRDA:166,14,0,0
BRDA:166,14,1,0
BRF:29
BRH:0
end_of_record
TN:
SF:src/controllers/webhooksController.ts
FN:36,requireBridgeSecret
FN:57,validateKiwifySignature
FN:99,generateLicenseCode
FN:104,(anonymous_4)
FN:162,(anonymous_5)
FNF:5
FNH:0
FNDA:0,requireBridgeSecret
FNDA:0,validateKiwifySignature
FNDA:0,generateLicenseCode
FNDA:0,(anonymous_4)
FNDA:0,(anonymous_5)
DA:2,0
DA:3,0
DA:5,0
DA:37,0
DA:38,0
DA:40,0
DA:41,0
DA:44,0
DA:45,0
DA:46,0
DA:47,0
DA:49,0
DA:58,0
DA:61,0
DA:62,0
DA:63,0
DA:66,0
DA:69,0
DA:70,0
DA:71,0
DA:74,0
DA:76,0
DA:79,0
DA:85,0
DA:86,0
DA:88,0
DA:89,0
DA:92,0
DA:94,0
DA:95,0
DA:101,0
DA:104,0
DA:105,0
DA:106,0
DA:107,0
DA:108,0
DA:113,0
DA:116,0
DA:117,0
DA:120,0
DA:121,0
DA:122,0
DA:127,0
DA:133,0
DA:134,0
DA:136,0
DA:137,0
DA:139,0
DA:140,0
DA:142,0
DA:147,0
DA:149,0
DA:157,0
DA:160,0
DA:162,0
DA:163,0
DA:164,0
DA:165,0
DA:166,0
DA:167,0
DA:171,0
DA:172,0
DA:173,0
DA:175,0
DA:202,0
DA:203,0
DA:212,0
DA:215,0
DA:222,0
DA:228,0
LF:70
LH:0
BRDA:38,0,0,0
BRDA:38,0,1,0
BRDA:41,1,0,0
BRDA:41,1,1,0
BRDA:46,2,0,0
BRDA:46,2,1,0
BRDA:47,3,0,0
BRDA:47,3,1,0
BRDA:61,4,0,0
BRDA:61,4,1,0
BRDA:69,5,0,0
BRDA:69,5,1,0
BRDA:88,6,0,0
BRDA:88,6,1,0
BRDA:107,7,0,0
BRDA:107,7,1,0
BRDA:117,8,0,0
BRDA:117,8,1,0
BRDA:121,9,0,0
BRDA:121,9,1,0
BRDA:136,10,0,0
BRDA:136,10,1,0
BRDA:137,11,0,0
BRDA:137,11,1,0
BRDA:142,12,0,0
BRDA:142,12,1,0
BRDA:142,12,2,0
BRDA:147,13,0,0
BRDA:147,13,1,0
BRDA:151,14,0,0
BRDA:151,14,1,0
BRDA:152,15,0,0
BRDA:152,15,1,0
BRDA:164,16,0,0
BRDA:164,16,1,0
BRDA:166,17,0,0
BRDA:166,17,1,0
BRDA:182,18,0,0
BRDA:182,18,1,0
BRDA:183,19,0,0
BRDA:183,19,1,0
BRDA:184,20,0,0
BRDA:184,20,1,0
BRDA:185,21,0,0
BRDA:185,21,1,0
BRDA:186,22,0,0
BRDA:186,22,1,0
BRDA:187,23,0,0
BRDA:187,23,1,0
BRDA:188,24,0,0
BRDA:188,24,1,0
BRDA:189,25,0,0
BRDA:189,25,1,0
BRDA:190,26,0,0
BRDA:190,26,1,0
BRDA:191,27,0,0
BRDA:191,27,1,0
BRDA:192,28,0,0
BRDA:192,28,1,0
BRDA:193,29,0,0
BRDA:193,29,1,0
BRDA:194,30,0,0
BRDA:194,30,1,0
BRDA:195,31,0,0
BRDA:195,31,1,0
BRDA:196,32,0,0
BRDA:196,32,1,0
BRDA:197,33,0,0
BRDA:197,33,1,0
BRDA:207,34,0,0
BRDA:207,34,1,0
BRDA:208,35,0,0
BRDA:208,35,1,0
BRF:73
BRH:0
end_of_record
TN:
SF:src/middleware/auth.ts
FN:11,(anonymous_0)
FNF:1
FNH:0
FNDA:0,(anonymous_0)
DA:2,0
DA:11,0
DA:16,0
DA:17,0
DA:19,0
DA:20,0
DA:23,0
DA:24,0
DA:29,0
DA:31,0
LF:10
LH:0
BRDA:19,0,0,0
BRDA:19,0,1,0
BRF:2
BRH:0
end_of_record
TN:
SF:src/middleware/rateLimit.ts
FN:45,(anonymous_1)
FNF:1
FNH:0
FNDA:0,(anonymous_1)
DA:1,0
DA:7,0
DA:22,0
DA:36,0
DA:46,0
DA:47,0
DA:48,0
DA:56,0
LF:8
LH:0
BRF:0
BRH:0
end_of_record
TN:
SF:src/middleware/validation.ts
FN:6,(anonymous_0)
FN:10,(anonymous_1)
FN:16,(anonymous_2)
FN:17,(anonymous_3)
FN:70,(anonymous_4)
FN:91,(anonymous_5)
FNF:6
FNH:4
FNDA:4,(anonymous_0)
FNDA:5,(anonymous_1)
FNDA:5,(anonymous_2)
FNDA:2,(anonymous_3)
FNDA:0,(anonymous_4)
FNDA:0,(anonymous_5)
DA:2,1
DA:6,1
DA:7,4
DA:9,4
DA:10,5
DA:15,4
DA:16,5
DA:17,2
DA:19,4
DA:30,0
DA:34,1
DA:64,1
DA:71,0
DA:72,0
DA:73,0
DA:74,0
DA:76,0
DA:77,0
DA:79,0
DA:92,0
DA:93,0
DA:95,0
DA:105,1
DA:149,1
LF:24
LH:13
BRDA:9,0,0,4
BRDA:9,0,1,0
BRDA:11,1,0,5
BRDA:11,1,1,0
BRDA:20,2,0,2
BRDA:20,2,1,2
BRDA:23,3,0,2
BRDA:23,3,1,2
BRDA:25,4,0,2
BRDA:25,4,1,0
BRDA:76,5,0,0
BRDA:76,5,1,0
BRDA:92,6,0,0
BRDA:92,6,1,0
BRDA:92,7,0,0
BRDA:92,7,1,0
BRF:16
BRH:7
end_of_record
TN:
SF:src/routes/auth.ts
FNF:0
FNH:0
DA:1,0
DA:2,0
DA:3,0
DA:4,0
DA:5,0
DA:7,0
DA:123,0
DA:136,0
DA:156,0
DA:158,0
LF:10
LH:0
BRF:0
BRH:0
end_of_record
TN:
SF:src/routes/bookings.ts
FNF:0
FNH:0
DA:1,0
DA:2,0
DA:3,0
DA:4,0
DA:6,0
DA:36,0
DA:101,0
DA:126,0
DA:128,0
LF:9
LH:0
BRF:0
BRH:0
end_of_record
TN:
SF:src/routes/googleCalendar.ts
FNF:0
FNH:0
DA:1,0
DA:2,0
DA:3,0
DA:5,0
DA:29,0
DA:56,0
DA:79,0
DA:81,0
LF:8
LH:0
BRF:0
BRH:0
end_of_record
TN:
SF:src/routes/licenses.ts
FNF:0
FNH:0
DA:1,0
DA:2,0
DA:3,0
DA:4,0
DA:6,0
DA:64,0
DA:66,0
LF:7
LH:0
BRF:0
BRH:0
end_of_record
TN:
SF:src/routes/slots.ts
FNF:0
FNH:0
DA:1,0
DA:2,0
DA:3,0
DA:4,0
DA:6,0
DA:9,0
DA:63,0
DA:85,0
DA:112,0
DA:114,0
LF:10
LH:0
BRF:0
BRH:0
end_of_record
TN:
SF:src/routes/webhooks.ts
FNF:0
FNH:0
DA:1,0
DA:2,0
DA:3,0
DA:5,0
DA:68,0
DA:70,0
LF:6
LH:0
BRF:0
BRH:0
end_of_record
TN:
SF:src/services/bookingsService.ts
FN:7,(anonymous_0)
FN:37,(anonymous_1)
FN:43,(anonymous_2)
FN:59,(anonymous_3)
FN:66,(anonymous_4)
FN:82,(anonymous_5)
FN:135,(anonymous_6)
FN:147,(anonymous_7)
FN:160,(anonymous_8)
FN:167,(anonymous_9)
FNF:10
FNH:9
FNDA:4,(anonymous_0)
FNDA:6,(anonymous_1)
FNDA:4,(anonymous_2)
FNDA:1,(anonymous_3)
FNDA:6,(anonymous_4)
FNDA:5,(anonymous_5)
FNDA:0,(anonymous_6)
FNDA:2,(anonymous_7)
FNDA:3,(anonymous_8)
FNDA:3,(anonymous_9)
DA:1,1
DA:3,1
DA:4,1
DA:5,1
DA:7,1
DA:9,4
DA:10,4
DA:12,4
DA:13,0
DA:17,4
DA:18,4
DA:20,4
DA:21,1
DA:24,3
DA:25,3
DA:28,3
DA:32,3
DA:37,6
DA:43,3
DA:44,4
DA:45,2
DA:47,2
DA:52,3
DA:53,3
DA:58,3
DA:59,3
DA:60,1
DA:61,1
DA:62,1
DA:66,3
DA:67,6
DA:68,6
DA:71,3
DA:77,3
DA:79,3
DA:82,1
DA:88,5
DA:89,5
DA:91,5
DA:92,1
DA:95,4
DA:98,4
DA:99,4
DA:101,4
DA:102,1
DA:105,3
DA:107,3
DA:116,3
DA:118,3
DA:119,1
DA:124,2
DA:127,2
DA:136,0
DA:140,2
DA:147,1
DA:148,2
DA:152,2
DA:154,2
DA:155,0
DA:158,2
DA:160,3
DA:167,2
DA:168,3
DA:169,2
DA:171,1
DA:175,2
DA:176,0
DA:179,2
LF:68
LH:64
BRDA:12,0,0,0
BRDA:12,0,1,4
BRDA:20,1,0,1
BRDA:20,1,1,3
BRDA:44,2,0,2
BRDA:44,2,1,2
BRDA:61,3,0,1
BRDA:61,3,1,1
BRDA:67,4,0,6
BRDA:67,4,1,5
BRDA:91,5,0,1
BRDA:91,5,1,4
BRDA:101,6,0,1
BRDA:101,6,1,3
BRDA:118,7,0,1
BRDA:118,7,1,2
BRDA:118,8,0,3
BRDA:118,8,1,2
BRDA:119,9,0,1
BRDA:119,9,1,0
BRDA:154,10,0,0
BRDA:154,10,1,2
BRDA:168,11,0,2
BRDA:168,11,1,1
BRDA:175,12,0,0
BRDA:175,12,1,2
BRF:26
BRH:22
end_of_record
TN:
SF:src/services/cacheService.ts
FN:37,(anonymous_1)
FN:38,(anonymous_2)
FN:39,(anonymous_3)
FN:46,(anonymous_4)
FN:47,(anonymous_5)
FN:48,(anonymous_6)
FN:51,(anonymous_7)
FN:52,(anonymous_8)
FN:53,(anonymous_9)
FN:59,(anonymous_10)
FNF:10
FNH:2
FNDA:0,(anonymous_1)
FNDA:6,(anonymous_2)
FNDA:0,(anonymous_3)
FNDA:0,(anonymous_4)
FNDA:2,(anonymous_5)
FNDA:0,(anonymous_6)
FNDA:0,(anonymous_7)
FNDA:0,(anonymous_8)
FNDA:0,(anonymous_9)
FNDA:0,(anonymous_10)
DA:1,2
DA:13,2
DA:20,2
DA:27,2
DA:36,2
DA:37,0
DA:38,6
DA:39,0
DA:45,2
DA:46,0
DA:47,2
DA:48,0
DA:51,0
DA:52,0
DA:53,0
DA:59,2
LF:16
LH:9
BRF:0
BRH:0
end_of_record
TN:
SF:src/services/firebase.ts
FNF:0
FNH:0
DA:1,0
DA:3,0
DA:4,0
DA:10,0
DA:15,0
DA:16,0
DA:18,0
LF:7
LH:0
BRDA:3,0,0,0
BRDA:3,0,1,0
BRF:2
BRH:0
end_of_record
TN:
SF:src/services/googleCalendarService.ts
FN:12,(anonymous_0)
FN:23,(anonymous_1)
FN:28,(anonymous_2)
FN:33,(anonymous_3)
FN:42,(anonymous_4)
FN:53,(anonymous_5)
FNF:6
FNH:0
FNDA:0,(anonymous_0)
FNDA:0,(anonymous_1)
FNDA:0,(anonymous_2)
FNDA:0,(anonymous_3)
FNDA:0,(anonymous_4)
FNDA:0,(anonymous_5)
DA:1,0
DA:3,0
DA:6,0
DA:12,0
DA:13,0
DA:15,0
DA:23,0
DA:24,0
DA:25,0
DA:28,0
DA:29,0
DA:30,0
DA:32,0
DA:33,0
DA:35,0
DA:36,0
DA:39,0
DA:42,0
DA:43,0
DA:44,0
DA:46,0
DA:47,0
DA:50,0
DA:53,0
DA:66,0
DA:67,0
DA:68,0
DA:71,0
DA:73,0
DA:74,0
DA:77,0
DA:80,0
DA:81,0
DA:82,0
DA:85,0
DA:86,0
DA:89,0
DA:93,0
DA:98,0
DA:99,0
DA:101,0
DA:102,0
DA:103,0
DA:105,0
DA:106,0
DA:108,0
LF:46
LH:0
BRDA:33,0,0,0
BRDA:33,0,1,0
BRDA:35,1,0,0
BRDA:35,1,1,0
BRDA:46,2,0,0
BRDA:46,2,1,0
BRDA:67,3,0,0
BRDA:67,3,1,0
BRDA:73,4,0,0
BRDA:73,4,1,0
BRDA:73,5,0,0
BRDA:73,5,1,0
BRDA:85,6,0,0
BRDA:85,6,1,0
BRDA:112,7,0,0
BRDA:112,7,1,0
BRF:16
BRH:0
end_of_record
TN:
SF:src/services/slotsService.ts
FN:4,(anonymous_0)
FN:17,(anonymous_1)
FN:76,(anonymous_2)
FN:95,(anonymous_3)
FN:101,(anonymous_4)
FN:116,(anonymous_5)
FNF:6
FNH:6
FNDA:5,(anonymous_0)
FNDA:16,(anonymous_1)
FNDA:2,(anonymous_2)
FNDA:3,(anonymous_3)
FNDA:3,(anonymous_4)
FNDA:3,(anonymous_5)
DA:1,1
DA:4,1
DA:5,5
DA:8,5
DA:13,5
DA:14,4
DA:17,4
DA:18,16
DA:19,16
DA:22,4
DA:23,4
DA:24,4
DA:25,4
DA:28,4
DA:29,4
DA:37,4
DA:42,4
DA:43,1
DA:49,3
DA:50,1
DA:58,2
DA:59,1
DA:63,2
DA:68,2
DA:70,2
DA:76,1
DA:77,2
DA:80,2
DA:82,2
DA:84,0
DA:85,0
DA:89,2
DA:90,0
DA:93,2
DA:95,3
DA:101,2
DA:102,3
DA:103,2
DA:105,1
DA:109,2
DA:110,0
DA:113,2
DA:116,1
DA:117,3
DA:118,3
DA:120,3
DA:121,1
DA:124,2
DA:127,2
DA:128,1
DA:131,1
DA:132,1
LF:52
LH:48
BRDA:28,0,0,4
BRDA:28,0,1,2
BRDA:29,1,0,4
BRDA:29,1,1,2
BRDA:37,2,0,4
BRDA:37,2,1,1
BRDA:37,2,2,3
BRDA:37,2,3,0
BRDA:37,2,4,3
BRDA:37,2,5,3
BRDA:42,3,0,1
BRDA:42,3,1,3
BRDA:49,4,0,1
BRDA:49,4,1,2
BRDA:58,5,0,1
BRDA:58,5,1,1
BRDA:58,6,0,2
BRDA:58,6,1,1
BRDA:82,7,0,0
BRDA:82,7,1,2
BRDA:82,8,0,2
BRDA:82,8,1,0
BRDA:84,9,0,0
BRDA:84,9,1,0
BRDA:89,10,0,0
BRDA:89,10,1,2
BRDA:102,11,0,2
BRDA:102,11,1,1
BRDA:109,12,0,0
BRDA:109,12,1,2
BRDA:120,13,0,1
BRDA:120,13,1,2
BRDA:127,14,0,1
BRDA:127,14,1,1
BRF:34
BRH:27
end_of_record
TN:
SF:src/types/validator.d.ts
FNF:0
FNH:0
LF:0
LH:0
BRF:0
BRH:0
end_of_record
TN:
SF:src/utils/logger.ts
FN:45,(anonymous_1)
FN:65,(anonymous_2)
FNF:2
FNH:0
FNDA:0,(anonymous_1)
FNDA:0,(anonymous_2)
DA:1,0
DA:7,0
DA:33,0
DA:34,0
DA:45,0
DA:55,0
DA:65,0
DA:74,0
LF:8
LH:0
BRDA:8,0,0,0
BRDA:8,0,1,0
BRDA:33,1,0,0
BRDA:33,1,1,0
BRF:4
BRH:0
end_of_record
TN:
SF:src/utils/transactions.ts
FN:5,(anonymous_0)
FN:10,(anonymous_1)
FNF:2
FNH:2
FNDA:7,(anonymous_0)
FNDA:7,(anonymous_1)
DA:1,2
DA:5,2
DA:10,7
DA:11,7
DA:12,7
DA:14,7
DA:15,1
DA:18,6
DA:20,6
DA:21,1
DA:28,5
DA:29,5
DA:36,5
DA:38,5
DA:39,2
DA:43,3
DA:44,3
DA:45,3
DA:46,3
DA:50,3
DA:51,3
DA:60,3
DA:65,3
DA:67,2
DA:72,1
DA:79,3
LF:26
LH:26
BRDA:14,0,0,1
BRDA:14,0,1,6
BRDA:20,1,0,1
BRDA:20,1,1,5
BRDA:38,2,0,2
BRDA:38,2,1,3
BRDA:65,3,0,2
BRDA:65,3,1,1
BRF:8
BRH:8
end_of_record
TN:
SF:src/utils/validation.ts
FN:3,(anonymous_1)
FN:7,(anonymous_2)
FN:13,(anonymous_3)
FN:23,(anonymous_4)
FN:29,(anonymous_5)
FN:33,(anonymous_6)
FNF:6
FNH:0
FNDA:0,(anonymous_1)
FNDA:0,(anonymous_2)
FNDA:0,(anonymous_3)
FNDA:0,(anonymous_4)
FNDA:0,(anonymous_5)
FNDA:0,(anonymous_6)
DA:1,0
DA:3,0
DA:4,0
DA:7,0
DA:9,0
DA:10,0
DA:13,0
DA:15,0
DA:16,0
DA:17,0
DA:19,0
DA:20,0
DA:23,0
DA:25,0
DA:26,0
DA:29,0
DA:30,0
DA:33,0
DA:34,0
LF:19
LH:0
BRDA:10,0,0,0
BRDA:10,0,1,0
BRDA:16,1,0,0
BRDA:16,1,1,0
BRDA:20,2,0,0
BRDA:20,2,1,0
BRDA:34,3,0,0
BRDA:34,3,1,0
BRF:8
BRH:0
end_of_record
